Arguments: 
  D:\nodejs\node.exe D:\Yarn\bin\yarn.js add phantom --save

PATH: 
  D:\Python27\;D:\Python27\Scripts;C:\ProgramData\Oracle\Java\javapath;d:\Program_Files\Java\jdk1.8.0_144\bin;d:\Program_Files\Java\jdk1.8.0_144\jre\bin;D:\Program_Files\Tomcat\lib;D:\Program_Files\Tomcat\bin;D:\Program_Files\apache-maven/bin;C:\WINDOWS;C:\WINDOWS\System32\WindowsPowerShell\v1.0\;C:\WINDOWS\system32;C:\WINDOWS\System32\Wbem;c:\Program Files\MongoDB\Server\3.4\bin;D:\Program_Files\mysql\bin;D:\Python27;D:\Ruby\bin;D:\nodejs\;D:\nodejs\global\npm;C:\Program Files (x86)\Windows Kits\8.1\Windows Performance Toolkit\;D:\Git\cmd;D:\Yarn\bin;C:\ProgramData\chocolatey\bin;C:\Program Files\TortoiseGit\bin;C:\Program Files\TortoiseSVN\bin;C:\Users\Cyan\AppData\Local\Microsoft\WindowsApps;C:\Users\Cyan\AppData\Local\Programs\Fiddler

Yarn version: 
  0.27.5

Node version: 
  8.3.0

Platform: 
  win32 x64

npm manifest: 
  {
      "name": "cyan",
      "version": "1.0.0",
      "description": "cyan app",
      "main": "app.js",
      "scripts": {
          "bower": "bower install",
          "gulp:prod:b": "gulp prod:b",
          "gulp:prod:c": "gulp prod:c",
          "gulp:prod": "npm-run-all gulp:prod:b gulp:prod:c",
          "start": "npm-run-all --parallel gulp:prod server",
          "gulp:dev:b": "gulp b",
          "gulp:dev:c": "gulp c",
          "gulp:dev": "npm-run-all --parallel gulp:dev:b gulp:dev:c",
          "dev": "npm-run-all --parallel server gulp:dev",
          "server": "node ./server/server.js"
      },
      "keywords": ["cyan", "js", "cli"],
      "author": "cyan",
      "license": "ISC",
      "dependencies": {
          "babel-cli": "^6.24.0",
          "babel-core": "^6.24.0",
          "babel-loader": "^6.4.0",
          "babel-plugin-transform-runtime": "^6.23.0",
          "babel-polyfill": "^6.23.0",
          "babel-preset-env": "^1.2.1",
          "babel-preset-es2015": "^6.24.0",
          "babel-runtime": "^6.23.0",
          "body-parser": "^1.17.1",
          "bower": "^1.8.0",
          "browser-sync": "^2.18.8",
          "compression": "^1.6.2",
          "cookie-parser": "^1.4.3",
          "cors": "^2.8.1",
          "crypto": "0.0.3",
          "css-loader": "^0.27.3",
          "del": "^2.2.2",
          "eslint": "^3.17.1",
          "eslint-config-google": "^0.7.1",
          "eslint-plugin-angular": "^1.6.2",
          "eslint-plugin-react": "^6.10.0",
          "express": "^4.15.2",
          "express-generator": "^4.14.1",
          "fs": "0.0.1-security",
          "gulp": "^3.9.1",
          "gulp-autoprefixer": "^3.1.1",
          "gulp-babel": "^6.1.2",
          "gulp-changed": "^2.0.0",
          "gulp-concat": "^2.6.1",
          "gulp-connect": "^5.0.0",
          "gulp-csso": "^3.0.0",
          "gulp-debug": "^3.1.0",
          "gulp-filter": "^5.0.0",
          "gulp-htmlmin": "^3.0.0",
          "gulp-inject": "^4.2.0",
          "gulp-load-plugins": "^1.5.0",
          "gulp-plumber": "^1.1.0",
          "gulp-rename": "^1.2.2",
          "gulp-replace": "^0.5.4",
          "gulp-sass": "^3.1.0",
          "gulp-shell": "^0.6.3",
          "gulp-sourcemaps": "^2.4.1",
          "gulp-uglify": "^2.1.0",
          "gulp-util": "^3.0.8",
          "helmet": "^3.5.0",
          "history": "^4.6.0",
          "htmlhint": "^0.9.13",
          "http-proxy-middleware": "^0.17.4",
          "json-server": "^0.9.6",
          "jsxhint": "^0.15.1",
          "justreq-cli": "^0.3.1",
          "mongoose": "^4.9.4",
          "morgan": "^1.8.1",
          "multer": "^1.3.0",
          "node-sass": "^4.5.2",
          "npm-run-all": "^4.0.2",
          "path": "^0.12.7",
          "phantom": "^4.0.2",
          "q": "^1.5.0",
          "react-template": "^0.4.0",
          "run-sequence": "^1.2.2",
          "style-loader": "^0.14.0",
          "stylelint": "^7.9.0",
          "stylelint-config-standard": "^16.0.0",
          "systemjs": "^0.20.9",
          "tslint": "^4.5.1",
          "typescript": "^2.2.1",
          "uglify-js": "^2.8.12",
          "uglifyjs-webpack-plugin": "^0.3.0",
          "vue-cli": "^2.8.1",
          "webpack": "^2.2.1",
          "wiredep": "^4.0.0",
          "yo": "^1.8.5"
      },
      "devDependencies": {}
  }

yarn manifest: 
  No manifest

Lockfile: 
  No lockfile

Trace: 
  Error: ENOENT: no such file or directory, open 'T:\Lab\cyan\node_modules\regenerator-transform\lib\emit.js'
